Traceback (most recent call last):
  File "/opt/homebrew/Caskroom/miniconda/base/envs/codesolid/lib/python3.12/site-packages/jupyter_cache/executors/utils.py", line 58, in single_nb_execution
    executenb(
  File "/opt/homebrew/Caskroom/miniconda/base/envs/codesolid/lib/python3.12/site-packages/nbclient/client.py", line 1319, in execute
    return NotebookClient(nb=nb, resources=resources, km=km, **kwargs).execute()
           ^^^^^^^^^^^^^^^^^^^^^^^^^^^^^^^^^^^^^^^^^^^^^^^^^^^^^^^^^^^^^^^^^^^^^
  File "/opt/homebrew/Caskroom/miniconda/base/envs/codesolid/lib/python3.12/site-packages/jupyter_core/utils/__init__.py", line 165, in wrapped
    return loop.run_until_complete(inner)
           ^^^^^^^^^^^^^^^^^^^^^^^^^^^^^^
  File "/opt/homebrew/Caskroom/miniconda/base/envs/codesolid/lib/python3.12/asyncio/base_events.py", line 691, in run_until_complete
    return future.result()
           ^^^^^^^^^^^^^^^
  File "/opt/homebrew/Caskroom/miniconda/base/envs/codesolid/lib/python3.12/site-packages/nbclient/client.py", line 709, in async_execute
    await self.async_execute_cell(
  File "/opt/homebrew/Caskroom/miniconda/base/envs/codesolid/lib/python3.12/site-packages/nbclient/client.py", line 1062, in async_execute_cell
    await self._check_raise_for_error(cell, cell_index, exec_reply)
  File "/opt/homebrew/Caskroom/miniconda/base/envs/codesolid/lib/python3.12/site-packages/nbclient/client.py", line 918, in _check_raise_for_error
    raise CellExecutionError.from_cell_and_msg(cell, exec_reply_content)
nbclient.exceptions.CellExecutionError: An error occurred while executing the following cell:
------------------
from langchain_ollama import OllamaLLM
from IPython.display import display, Markdown

llm = OllamaLLM(model="gemma3:4b", temperature="0")

response = llm.invoke("What is the airspeed velocity of an unladen swallow?")
display(Markdown(response))
------------------


[31m---------------------------------------------------------------------------[39m
[31mConnectError[39m                              Traceback (most recent call last)
[36mFile [39m[32m/opt/homebrew/Caskroom/miniconda/base/envs/codesolid/lib/python3.12/site-packages/httpx/_transports/default.py:101[39m, in [36mmap_httpcore_exceptions[39m[34m()[39m
[32m    100[39m [38;5;28;01mtry[39;00m:
[32m--> [39m[32m101[39m     [38;5;28;01myield[39;00m
[32m    102[39m [38;5;28;01mexcept[39;00m [38;5;167;01mException[39;00m [38;5;28;01mas[39;00m exc:

[36mFile [39m[32m/opt/homebrew/Caskroom/miniconda/base/envs/codesolid/lib/python3.12/site-packages/httpx/_transports/default.py:250[39m, in [36mHTTPTransport.handle_request[39m[34m(self, request)[39m
[32m    249[39m [38;5;28;01mwith[39;00m map_httpcore_exceptions():
[32m--> [39m[32m250[39m     resp = [38;5;28;43mself[39;49m[43m.[49m[43m_pool[49m[43m.[49m[43mhandle_request[49m[43m([49m[43mreq[49m[43m)[49m
[32m    252[39m [38;5;28;01massert[39;00m [38;5;28misinstance[39m(resp.stream, typing.Iterable)

[36mFile [39m[32m/opt/homebrew/Caskroom/miniconda/base/envs/codesolid/lib/python3.12/site-packages/httpcore/_sync/connection_pool.py:256[39m, in [36mConnectionPool.handle_request[39m[34m(self, request)[39m
[32m    255[39m     [38;5;28mself[39m._close_connections(closing)
[32m--> [39m[32m256[39m     [38;5;28;01mraise[39;00m exc [38;5;28;01mfrom[39;00m[38;5;250m [39m[38;5;28;01mNone[39;00m
[32m    258[39m [38;5;66;03m# Return the response. Note that in this case we still have to manage[39;00m
[32m    259[39m [38;5;66;03m# the point at which the response is closed.[39;00m

[36mFile [39m[32m/opt/homebrew/Caskroom/miniconda/base/envs/codesolid/lib/python3.12/site-packages/httpcore/_sync/connection_pool.py:236[39m, in [36mConnectionPool.handle_request[39m[34m(self, request)[39m
[32m    234[39m [38;5;28;01mtry[39;00m:
[32m    235[39m     [38;5;66;03m# Send the request on the assigned connection.[39;00m
[32m--> [39m[32m236[39m     response = [43mconnection[49m[43m.[49m[43mhandle_request[49m[43m([49m
[32m    237[39m [43m        [49m[43mpool_request[49m[43m.[49m[43mrequest[49m
[32m    238[39m [43m    [49m[43m)[49m
[32m    239[39m [38;5;28;01mexcept[39;00m ConnectionNotAvailable:
[32m    240[39m     [38;5;66;03m# In some cases a connection may initially be available to[39;00m
[32m    241[39m     [38;5;66;03m# handle a request, but then become unavailable.[39;00m
[32m    242[39m     [38;5;66;03m#[39;00m
[32m    243[39m     [38;5;66;03m# In this case we clear the connection and try again.[39;00m

[36mFile [39m[32m/opt/homebrew/Caskroom/miniconda/base/envs/codesolid/lib/python3.12/site-packages/httpcore/_sync/connection.py:101[39m, in [36mHTTPConnection.handle_request[39m[34m(self, request)[39m
[32m    100[39m     [38;5;28mself[39m._connect_failed = [38;5;28;01mTrue[39;00m
[32m--> [39m[32m101[39m     [38;5;28;01mraise[39;00m exc
[32m    103[39m [38;5;28;01mreturn[39;00m [38;5;28mself[39m._connection.handle_request(request)

[36mFile [39m[32m/opt/homebrew/Caskroom/miniconda/base/envs/codesolid/lib/python3.12/site-packages/httpcore/_sync/connection.py:78[39m, in [36mHTTPConnection.handle_request[39m[34m(self, request)[39m
[32m     77[39m [38;5;28;01mif[39;00m [38;5;28mself[39m._connection [38;5;129;01mis[39;00m [38;5;28;01mNone[39;00m:
[32m---> [39m[32m78[39m     stream = [38;5;28;43mself[39;49m[43m.[49m[43m_connect[49m[43m([49m[43mrequest[49m[43m)[49m
[32m     80[39m     ssl_object = stream.get_extra_info([33m"[39m[33mssl_object[39m[33m"[39m)

[36mFile [39m[32m/opt/homebrew/Caskroom/miniconda/base/envs/codesolid/lib/python3.12/site-packages/httpcore/_sync/connection.py:124[39m, in [36mHTTPConnection._connect[39m[34m(self, request)[39m
[32m    123[39m [38;5;28;01mwith[39;00m Trace([33m"[39m[33mconnect_tcp[39m[33m"[39m, logger, request, kwargs) [38;5;28;01mas[39;00m trace:
[32m--> [39m[32m124[39m     stream = [38;5;28;43mself[39;49m[43m.[49m[43m_network_backend[49m[43m.[49m[43mconnect_tcp[49m[43m([49m[43m*[49m[43m*[49m[43mkwargs[49m[43m)[49m
[32m    125[39m     trace.return_value = stream

[36mFile [39m[32m/opt/homebrew/Caskroom/miniconda/base/envs/codesolid/lib/python3.12/site-packages/httpcore/_backends/sync.py:207[39m, in [36mSyncBackend.connect_tcp[39m[34m(self, host, port, timeout, local_address, socket_options)[39m
[32m    202[39m exc_map: ExceptionMapping = {
[32m    203[39m     socket.timeout: ConnectTimeout,
[32m    204[39m     [38;5;167;01mOSError[39;00m: ConnectError,
[32m    205[39m }
[32m--> [39m[32m207[39m [38;5;28;01mwith[39;00m map_exceptions(exc_map):
[32m    208[39m     sock = socket.create_connection(
[32m    209[39m         address,
[32m    210[39m         timeout,
[32m    211[39m         source_address=source_address,
[32m    212[39m     )

[36mFile [39m[32m/opt/homebrew/Caskroom/miniconda/base/envs/codesolid/lib/python3.12/contextlib.py:158[39m, in [36m_GeneratorContextManager.__exit__[39m[34m(self, typ, value, traceback)[39m
[32m    157[39m [38;5;28;01mtry[39;00m:
[32m--> [39m[32m158[39m     [38;5;28;43mself[39;49m[43m.[49m[43mgen[49m[43m.[49m[43mthrow[49m[43m([49m[43mvalue[49m[43m)[49m
[32m    159[39m [38;5;28;01mexcept[39;00m [38;5;167;01mStopIteration[39;00m [38;5;28;01mas[39;00m exc:
[32m    160[39m     [38;5;66;03m# Suppress StopIteration *unless* it's the same exception that[39;00m
[32m    161[39m     [38;5;66;03m# was passed to throw().  This prevents a StopIteration[39;00m
[32m    162[39m     [38;5;66;03m# raised inside the "with" statement from being suppressed.[39;00m

[36mFile [39m[32m/opt/homebrew/Caskroom/miniconda/base/envs/codesolid/lib/python3.12/site-packages/httpcore/_exceptions.py:14[39m, in [36mmap_exceptions[39m[34m(map)[39m
[32m     13[39m     [38;5;28;01mif[39;00m [38;5;28misinstance[39m(exc, from_exc):
[32m---> [39m[32m14[39m         [38;5;28;01mraise[39;00m to_exc(exc) [38;5;28;01mfrom[39;00m[38;5;250m [39m[34;01mexc[39;00m
[32m     15[39m [38;5;28;01mraise[39;00m

[31mConnectError[39m: [Errno 61] Connection refused

The above exception was the direct cause of the following exception:

[31mConnectError[39m                              Traceback (most recent call last)
[36mCell[39m[36m [39m[32mIn[2][39m[32m, line 6[39m
[32m      2[39m [38;5;28;01mfrom[39;00m[38;5;250m [39m[34;01mIPython[39;00m[34;01m.[39;00m[34;01mdisplay[39;00m[38;5;250m [39m[38;5;28;01mimport[39;00m display, Markdown
[32m      4[39m llm = OllamaLLM(model=[33m"[39m[33mgemma3:4b[39m[33m"[39m, temperature=[33m"[39m[33m0[39m[33m"[39m)
[32m----> [39m[32m6[39m response = [43mllm[49m[43m.[49m[43minvoke[49m[43m([49m[33;43m"[39;49m[33;43mWhat is the airspeed velocity of an unladen swallow?[39;49m[33;43m"[39;49m[43m)[49m
[32m      7[39m display(Markdown(response))

[36mFile [39m[32m/opt/homebrew/Caskroom/miniconda/base/envs/codesolid/lib/python3.12/site-packages/langchain_core/language_models/llms.py:373[39m, in [36mBaseLLM.invoke[39m[34m(self, input, config, stop, **kwargs)[39m
[32m    362[39m [38;5;129m@override[39m
[32m    363[39m [38;5;28;01mdef[39;00m[38;5;250m [39m[34minvoke[39m(
[32m    364[39m     [38;5;28mself[39m,
[32m   (...)[39m[32m    369[39m     **kwargs: Any,
[32m    370[39m ) -> [38;5;28mstr[39m:
[32m    371[39m     config = ensure_config(config)
[32m    372[39m     [38;5;28;01mreturn[39;00m (
[32m--> [39m[32m373[39m         [38;5;28;43mself[39;49m[43m.[49m[43mgenerate_prompt[49m[43m([49m
[32m    374[39m [43m            [49m[43m[[49m[38;5;28;43mself[39;49m[43m.[49m[43m_convert_input[49m[43m([49m[38;5;28;43minput[39;49m[43m)[49m[43m][49m[43m,[49m
[32m    375[39m [43m            [49m[43mstop[49m[43m=[49m[43mstop[49m[43m,[49m
[32m    376[39m [43m            [49m[43mcallbacks[49m[43m=[49m[43mconfig[49m[43m.[49m[43mget[49m[43m([49m[33;43m"[39;49m[33;43mcallbacks[39;49m[33;43m"[39;49m[43m)[49m[43m,[49m
[32m    377[39m [43m            [49m[43mtags[49m[43m=[49m[43mconfig[49m[43m.[49m[43mget[49m[43m([49m[33;43m"[39;49m[33;43mtags[39;49m[33;43m"[39;49m[43m)[49m[43m,[49m
[32m    378[39m [43m            [49m[43mmetadata[49m[43m=[49m[43mconfig[49m[43m.[49m[43mget[49m[43m([49m[33;43m"[39;49m[33;43mmetadata[39;49m[33;43m"[39;49m[43m)[49m[43m,[49m
[32m    379[39m [43m            [49m[43mrun_name[49m[43m=[49m[43mconfig[49m[43m.[49m[43mget[49m[43m([49m[33;43m"[39;49m[33;43mrun_name[39;49m[33;43m"[39;49m[43m)[49m[43m,[49m
[32m    380[39m [43m            [49m[43mrun_id[49m[43m=[49m[43mconfig[49m[43m.[49m[43mpop[49m[43m([49m[33;43m"[39;49m[33;43mrun_id[39;49m[33;43m"[39;49m[43m,[49m[43m [49m[38;5;28;43;01mNone[39;49;00m[43m)[49m[43m,[49m
[32m    381[39m [43m            [49m[43m*[49m[43m*[49m[43mkwargs[49m[43m,[49m
[32m    382[39m [43m        [49m[43m)[49m
[32m    383[39m         .generations[[32m0[39m][[32m0[39m]
[32m    384[39m         .text
[32m    385[39m     )

[36mFile [39m[32m/opt/homebrew/Caskroom/miniconda/base/envs/codesolid/lib/python3.12/site-packages/langchain_core/language_models/llms.py:784[39m, in [36mBaseLLM.generate_prompt[39m[34m(self, prompts, stop, callbacks, **kwargs)[39m
[32m    775[39m [38;5;129m@override[39m
[32m    776[39m [38;5;28;01mdef[39;00m[38;5;250m [39m[34mgenerate_prompt[39m(
[32m    777[39m     [38;5;28mself[39m,
[32m   (...)[39m[32m    781[39m     **kwargs: Any,
[32m    782[39m ) -> LLMResult:
[32m    783[39m     prompt_strings = [p.to_string() [38;5;28;01mfor[39;00m p [38;5;129;01min[39;00m prompts]
[32m--> [39m[32m784[39m     [38;5;28;01mreturn[39;00m [38;5;28;43mself[39;49m[43m.[49m[43mgenerate[49m[43m([49m[43mprompt_strings[49m[43m,[49m[43m [49m[43mstop[49m[43m=[49m[43mstop[49m[43m,[49m[43m [49m[43mcallbacks[49m[43m=[49m[43mcallbacks[49m[43m,[49m[43m [49m[43m*[49m[43m*[49m[43mkwargs[49m[43m)[49m

[36mFile [39m[32m/opt/homebrew/Caskroom/miniconda/base/envs/codesolid/lib/python3.12/site-packages/langchain_core/language_models/llms.py:1006[39m, in [36mBaseLLM.generate[39m[34m(self, prompts, stop, callbacks, tags, metadata, run_name, run_id, **kwargs)[39m
[32m    987[39m [38;5;28;01mif[39;00m ([38;5;28mself[39m.cache [38;5;129;01mis[39;00m [38;5;28;01mNone[39;00m [38;5;129;01mand[39;00m get_llm_cache() [38;5;129;01mis[39;00m [38;5;28;01mNone[39;00m) [38;5;129;01mor[39;00m [38;5;28mself[39m.cache [38;5;129;01mis[39;00m [38;5;28;01mFalse[39;00m:
[32m    988[39m     run_managers = [
[32m    989[39m         callback_manager.on_llm_start(
[32m    990[39m             [38;5;28mself[39m._serialized,
[32m   (...)[39m[32m   1004[39m         )
[32m   1005[39m     ]
[32m-> [39m[32m1006[39m     [38;5;28;01mreturn[39;00m [38;5;28;43mself[39;49m[43m.[49m[43m_generate_helper[49m[43m([49m
[32m   1007[39m [43m        [49m[43mprompts[49m[43m,[49m
[32m   1008[39m [43m        [49m[43mstop[49m[43m,[49m
[32m   1009[39m [43m        [49m[43mrun_managers[49m[43m,[49m
[32m   1010[39m [43m        [49m[43mnew_arg_supported[49m[43m=[49m[38;5;28;43mbool[39;49m[43m([49m[43mnew_arg_supported[49m[43m)[49m[43m,[49m
[32m   1011[39m [43m        [49m[43m*[49m[43m*[49m[43mkwargs[49m[43m,[49m
[32m   1012[39m [43m    [49m[43m)[49m
[32m   1013[39m [38;5;28;01mif[39;00m [38;5;28mlen[39m(missing_prompts) > [32m0[39m:
[32m   1014[39m     run_managers = [
[32m   1015[39m         callback_managers[idx].on_llm_start(
[32m   1016[39m             [38;5;28mself[39m._serialized,
[32m   (...)[39m[32m   1023[39m         [38;5;28;01mfor[39;00m idx [38;5;129;01min[39;00m missing_prompt_idxs
[32m   1024[39m     ]

[36mFile [39m[32m/opt/homebrew/Caskroom/miniconda/base/envs/codesolid/lib/python3.12/site-packages/langchain_core/language_models/llms.py:810[39m, in [36mBaseLLM._generate_helper[39m[34m(self, prompts, stop, run_managers, new_arg_supported, **kwargs)[39m
[32m    799[39m [38;5;28;01mdef[39;00m[38;5;250m [39m[34m_generate_helper[39m(
[32m    800[39m     [38;5;28mself[39m,
[32m    801[39m     prompts: [38;5;28mlist[39m[[38;5;28mstr[39m],
[32m   (...)[39m[32m    806[39m     **kwargs: Any,
[32m    807[39m ) -> LLMResult:
[32m    808[39m     [38;5;28;01mtry[39;00m:
[32m    809[39m         output = (
[32m--> [39m[32m810[39m             [38;5;28;43mself[39;49m[43m.[49m[43m_generate[49m[43m([49m
[32m    811[39m [43m                [49m[43mprompts[49m[43m,[49m
[32m    812[39m [43m                [49m[43mstop[49m[43m=[49m[43mstop[49m[43m,[49m
[32m    813[39m [43m                [49m[38;5;66;43;03m# TODO: support multiple run managers[39;49;00m
[32m    814[39m [43m                [49m[43mrun_manager[49m[43m=[49m[43mrun_managers[49m[43m[[49m[32;43m0[39;49m[43m][49m[43m [49m[38;5;28;43;01mif[39;49;00m[43m [49m[43mrun_managers[49m[43m [49m[38;5;28;43;01melse[39;49;00m[43m [49m[38;5;28;43;01mNone[39;49;00m[43m,[49m
[32m    815[39m [43m                [49m[43m*[49m[43m*[49m[43mkwargs[49m[43m,[49m
[32m    816[39m [43m            [49m[43m)[49m
[32m    817[39m             [38;5;28;01mif[39;00m new_arg_supported
[32m    818[39m             [38;5;28;01melse[39;00m [38;5;28mself[39m._generate(prompts, stop=stop)
[32m    819[39m         )
[32m    820[39m     [38;5;28;01mexcept[39;00m [38;5;167;01mBaseException[39;00m [38;5;28;01mas[39;00m e:
[32m    821[39m         [38;5;28;01mfor[39;00m run_manager [38;5;129;01min[39;00m run_managers:

[36mFile [39m[32m/opt/homebrew/Caskroom/miniconda/base/envs/codesolid/lib/python3.12/site-packages/langchain_ollama/llms.py:456[39m, in [36mOllamaLLM._generate[39m[34m(self, prompts, stop, run_manager, **kwargs)[39m
[32m    454[39m generations = []
[32m    455[39m [38;5;28;01mfor[39;00m prompt [38;5;129;01min[39;00m prompts:
[32m--> [39m[32m456[39m     final_chunk = [38;5;28;43mself[39;49m[43m.[49m[43m_stream_with_aggregation[49m[43m([49m
[32m    457[39m [43m        [49m[43mprompt[49m[43m,[49m
[32m    458[39m [43m        [49m[43mstop[49m[43m=[49m[43mstop[49m[43m,[49m
[32m    459[39m [43m        [49m[43mrun_manager[49m[43m=[49m[43mrun_manager[49m[43m,[49m
[32m    460[39m [43m        [49m[43mverbose[49m[43m=[49m[38;5;28;43mself[39;49m[43m.[49m[43mverbose[49m[43m,[49m
[32m    461[39m [43m        [49m[43m*[49m[43m*[49m[43mkwargs[49m[43m,[49m
[32m    462[39m [43m    [49m[43m)[49m
[32m    463[39m     generations.append([final_chunk])
[32m    464[39m [38;5;28;01mreturn[39;00m LLMResult(generations=generations)

[36mFile [39m[32m/opt/homebrew/Caskroom/miniconda/base/envs/codesolid/lib/python3.12/site-packages/langchain_ollama/llms.py:415[39m, in [36mOllamaLLM._stream_with_aggregation[39m[34m(self, prompt, stop, run_manager, verbose, **kwargs)[39m
[32m    413[39m final_chunk = [38;5;28;01mNone[39;00m
[32m    414[39m thinking_content = [33m"[39m[33m"[39m
[32m--> [39m[32m415[39m [43m[49m[38;5;28;43;01mfor[39;49;00m[43m [49m[43mstream_resp[49m[43m [49m[38;5;129;43;01min[39;49;00m[43m [49m[38;5;28;43mself[39;49m[43m.[49m[43m_create_generate_stream[49m[43m([49m[43mprompt[49m[43m,[49m[43m [49m[43mstop[49m[43m,[49m[43m [49m[43m*[49m[43m*[49m[43mkwargs[49m[43m)[49m[43m:[49m
[32m    416[39m [43m    [49m[38;5;28;43;01mif[39;49;00m[43m [49m[38;5;129;43;01mnot[39;49;00m[43m [49m[38;5;28;43misinstance[39;49m[43m([49m[43mstream_resp[49m[43m,[49m[43m [49m[38;5;28;43mstr[39;49m[43m)[49m[43m:[49m
[32m    417[39m [43m        [49m[38;5;28;43;01mif[39;49;00m[43m [49m[43mstream_resp[49m[43m.[49m[43mget[49m[43m([49m[33;43m"[39;49m[33;43mthinking[39;49m[33;43m"[39;49m[43m)[49m[43m:[49m

[36mFile [39m[32m/opt/homebrew/Caskroom/miniconda/base/envs/codesolid/lib/python3.12/site-packages/langchain_ollama/llms.py:359[39m, in [36mOllamaLLM._create_generate_stream[39m[34m(self, prompt, stop, **kwargs)[39m
[32m    352[39m [38;5;28;01mdef[39;00m[38;5;250m [39m[34m_create_generate_stream[39m(
[32m    353[39m     [38;5;28mself[39m,
[32m    354[39m     prompt: [38;5;28mstr[39m,
[32m    355[39m     stop: [38;5;28mlist[39m[[38;5;28mstr[39m] | [38;5;28;01mNone[39;00m = [38;5;28;01mNone[39;00m,
[32m    356[39m     **kwargs: Any,
[32m    357[39m ) -> Iterator[Mapping[[38;5;28mstr[39m, Any] | [38;5;28mstr[39m]:
[32m    358[39m     [38;5;28;01mif[39;00m [38;5;28mself[39m._client:
[32m--> [39m[32m359[39m         [38;5;28;01myield from[39;00m [38;5;28mself[39m._client.generate(
[32m    360[39m             **[38;5;28mself[39m._generate_params(prompt, stop=stop, **kwargs)
[32m    361[39m         )

[36mFile [39m[32m/opt/homebrew/Caskroom/miniconda/base/envs/codesolid/lib/python3.12/site-packages/ollama/_client.py:174[39m, in [36mClient._request.<locals>.inner[39m[34m()[39m
[32m    173[39m [38;5;28;01mdef[39;00m[38;5;250m [39m[34minner[39m():
[32m--> [39m[32m174[39m [43m  [49m[38;5;28;43;01mwith[39;49;00m[43m [49m[38;5;28;43mself[39;49m[43m.[49m[43m_client[49m[43m.[49m[43mstream[49m[43m([49m[43m*[49m[43margs[49m[43m,[49m[43m [49m[43m*[49m[43m*[49m[43mkwargs[49m[43m)[49m[43m [49m[38;5;28;43;01mas[39;49;00m[43m [49m[43mr[49m[43m:[49m
[32m    175[39m [43m    [49m[38;5;28;43;01mtry[39;49;00m[43m:[49m
[32m    176[39m [43m      [49m[43mr[49m[43m.[49m[43mraise_for_status[49m[43m([49m[43m)[49m

[36mFile [39m[32m/opt/homebrew/Caskroom/miniconda/base/envs/codesolid/lib/python3.12/contextlib.py:137[39m, in [36m_GeneratorContextManager.__enter__[39m[34m(self)[39m
[32m    135[39m [38;5;28;01mdel[39;00m [38;5;28mself[39m.args, [38;5;28mself[39m.kwds, [38;5;28mself[39m.func
[32m    136[39m [38;5;28;01mtry[39;00m:
[32m--> [39m[32m137[39m     [38;5;28;01mreturn[39;00m [38;5;28;43mnext[39;49m[43m([49m[38;5;28;43mself[39;49m[43m.[49m[43mgen[49m[43m)[49m
[32m    138[39m [38;5;28;01mexcept[39;00m [38;5;167;01mStopIteration[39;00m:
[32m    139[39m     [38;5;28;01mraise[39;00m [38;5;167;01mRuntimeError[39;00m([33m"[39m[33mgenerator didn[39m[33m'[39m[33mt yield[39m[33m"[39m) [38;5;28;01mfrom[39;00m[38;5;250m [39m[38;5;28;01mNone[39;00m

[36mFile [39m[32m/opt/homebrew/Caskroom/miniconda/base/envs/codesolid/lib/python3.12/site-packages/httpx/_client.py:868[39m, in [36mClient.stream[39m[34m(self, method, url, content, data, files, json, params, headers, cookies, auth, follow_redirects, timeout, extensions)[39m
[32m    845[39m [38;5;250m[39m[33;03m"""[39;00m
[32m    846[39m [33;03mAlternative to `httpx.request()` that streams the response body[39;00m
[32m    847[39m [33;03minstead of loading it into memory at once.[39;00m
[32m   (...)[39m[32m    853[39m [33;03m[0]: /quickstart#streaming-responses[39;00m
[32m    854[39m [33;03m"""[39;00m
[32m    855[39m request = [38;5;28mself[39m.build_request(
[32m    856[39m     method=method,
[32m    857[39m     url=url,
[32m   (...)[39m[32m    866[39m     extensions=extensions,
[32m    867[39m )
[32m--> [39m[32m868[39m response = [38;5;28;43mself[39;49m[43m.[49m[43msend[49m[43m([49m
[32m    869[39m [43m    [49m[43mrequest[49m[43m=[49m[43mrequest[49m[43m,[49m
[32m    870[39m [43m    [49m[43mauth[49m[43m=[49m[43mauth[49m[43m,[49m
[32m    871[39m [43m    [49m[43mfollow_redirects[49m[43m=[49m[43mfollow_redirects[49m[43m,[49m
[32m    872[39m [43m    [49m[43mstream[49m[43m=[49m[38;5;28;43;01mTrue[39;49;00m[43m,[49m
[32m    873[39m [43m[49m[43m)[49m
[32m    874[39m [38;5;28;01mtry[39;00m:
[32m    875[39m     [38;5;28;01myield[39;00m response

[36mFile [39m[32m/opt/homebrew/Caskroom/miniconda/base/envs/codesolid/lib/python3.12/site-packages/httpx/_client.py:914[39m, in [36mClient.send[39m[34m(self, request, stream, auth, follow_redirects)[39m
[32m    910[39m [38;5;28mself[39m._set_timeout(request)
[32m    912[39m auth = [38;5;28mself[39m._build_request_auth(request, auth)
[32m--> [39m[32m914[39m response = [38;5;28;43mself[39;49m[43m.[49m[43m_send_handling_auth[49m[43m([49m
[32m    915[39m [43m    [49m[43mrequest[49m[43m,[49m
[32m    916[39m [43m    [49m[43mauth[49m[43m=[49m[43mauth[49m[43m,[49m
[32m    917[39m [43m    [49m[43mfollow_redirects[49m[43m=[49m[43mfollow_redirects[49m[43m,[49m
[32m    918[39m [43m    [49m[43mhistory[49m[43m=[49m[43m[[49m[43m][49m[43m,[49m
[32m    919[39m [43m[49m[43m)[49m
[32m    920[39m [38;5;28;01mtry[39;00m:
[32m    921[39m     [38;5;28;01mif[39;00m [38;5;129;01mnot[39;00m stream:

[36mFile [39m[32m/opt/homebrew/Caskroom/miniconda/base/envs/codesolid/lib/python3.12/site-packages/httpx/_client.py:942[39m, in [36mClient._send_handling_auth[39m[34m(self, request, auth, follow_redirects, history)[39m
[32m    939[39m request = [38;5;28mnext[39m(auth_flow)
[32m    941[39m [38;5;28;01mwhile[39;00m [38;5;28;01mTrue[39;00m:
[32m--> [39m[32m942[39m     response = [38;5;28;43mself[39;49m[43m.[49m[43m_send_handling_redirects[49m[43m([49m
[32m    943[39m [43m        [49m[43mrequest[49m[43m,[49m
[32m    944[39m [43m        [49m[43mfollow_redirects[49m[43m=[49m[43mfollow_redirects[49m[43m,[49m
[32m    945[39m [43m        [49m[43mhistory[49m[43m=[49m[43mhistory[49m[43m,[49m
[32m    946[39m [43m    [49m[43m)[49m
[32m    947[39m     [38;5;28;01mtry[39;00m:
[32m    948[39m         [38;5;28;01mtry[39;00m:

[36mFile [39m[32m/opt/homebrew/Caskroom/miniconda/base/envs/codesolid/lib/python3.12/site-packages/httpx/_client.py:979[39m, in [36mClient._send_handling_redirects[39m[34m(self, request, follow_redirects, history)[39m
[32m    976[39m [38;5;28;01mfor[39;00m hook [38;5;129;01min[39;00m [38;5;28mself[39m._event_hooks[[33m"[39m[33mrequest[39m[33m"[39m]:
[32m    977[39m     hook(request)
[32m--> [39m[32m979[39m response = [38;5;28;43mself[39;49m[43m.[49m[43m_send_single_request[49m[43m([49m[43mrequest[49m[43m)[49m
[32m    980[39m [38;5;28;01mtry[39;00m:
[32m    981[39m     [38;5;28;01mfor[39;00m hook [38;5;129;01min[39;00m [38;5;28mself[39m._event_hooks[[33m"[39m[33mresponse[39m[33m"[39m]:

[36mFile [39m[32m/opt/homebrew/Caskroom/miniconda/base/envs/codesolid/lib/python3.12/site-packages/httpx/_client.py:1014[39m, in [36mClient._send_single_request[39m[34m(self, request)[39m
[32m   1009[39m     [38;5;28;01mraise[39;00m [38;5;167;01mRuntimeError[39;00m(
[32m   1010[39m         [33m"[39m[33mAttempted to send an async request with a sync Client instance.[39m[33m"[39m
[32m   1011[39m     )
[32m   1013[39m [38;5;28;01mwith[39;00m request_context(request=request):
[32m-> [39m[32m1014[39m     response = [43mtransport[49m[43m.[49m[43mhandle_request[49m[43m([49m[43mrequest[49m[43m)[49m
[32m   1016[39m [38;5;28;01massert[39;00m [38;5;28misinstance[39m(response.stream, SyncByteStream)
[32m   1018[39m response.request = request

[36mFile [39m[32m/opt/homebrew/Caskroom/miniconda/base/envs/codesolid/lib/python3.12/site-packages/httpx/_transports/default.py:249[39m, in [36mHTTPTransport.handle_request[39m[34m(self, request)[39m
[32m    235[39m [38;5;28;01mimport[39;00m[38;5;250m [39m[34;01mhttpcore[39;00m
[32m    237[39m req = httpcore.Request(
[32m    238[39m     method=request.method,
[32m    239[39m     url=httpcore.URL(
[32m   (...)[39m[32m    247[39m     extensions=request.extensions,
[32m    248[39m )
[32m--> [39m[32m249[39m [38;5;28;01mwith[39;00m map_httpcore_exceptions():
[32m    250[39m     resp = [38;5;28mself[39m._pool.handle_request(req)
[32m    252[39m [38;5;28;01massert[39;00m [38;5;28misinstance[39m(resp.stream, typing.Iterable)

[36mFile [39m[32m/opt/homebrew/Caskroom/miniconda/base/envs/codesolid/lib/python3.12/contextlib.py:158[39m, in [36m_GeneratorContextManager.__exit__[39m[34m(self, typ, value, traceback)[39m
[32m    156[39m     value = typ()
[32m    157[39m [38;5;28;01mtry[39;00m:
[32m--> [39m[32m158[39m     [38;5;28;43mself[39;49m[43m.[49m[43mgen[49m[43m.[49m[43mthrow[49m[43m([49m[43mvalue[49m[43m)[49m
[32m    159[39m [38;5;28;01mexcept[39;00m [38;5;167;01mStopIteration[39;00m [38;5;28;01mas[39;00m exc:
[32m    160[39m     [38;5;66;03m# Suppress StopIteration *unless* it's the same exception that[39;00m
[32m    161[39m     [38;5;66;03m# was passed to throw().  This prevents a StopIteration[39;00m
[32m    162[39m     [38;5;66;03m# raised inside the "with" statement from being suppressed.[39;00m
[32m    163[39m     [38;5;28;01mreturn[39;00m exc [38;5;129;01mis[39;00m [38;5;129;01mnot[39;00m value

[36mFile [39m[32m/opt/homebrew/Caskroom/miniconda/base/envs/codesolid/lib/python3.12/site-packages/httpx/_transports/default.py:118[39m, in [36mmap_httpcore_exceptions[39m[34m()[39m
[32m    115[39m     [38;5;28;01mraise[39;00m
[32m    117[39m message = [38;5;28mstr[39m(exc)
[32m--> [39m[32m118[39m [38;5;28;01mraise[39;00m mapped_exc(message) [38;5;28;01mfrom[39;00m[38;5;250m [39m[34;01mexc[39;00m

[31mConnectError[39m: [Errno 61] Connection refused

